<?xml version="1.0" encoding="UTF-8"?>
<testsuite xmlns:xsi="http://www.w3.org/2001/XMLSchema-instance" xsi:noNamespaceSchemaLocation="https://maven.apache.org/surefire/maven-surefire-plugin/xsd/surefire-test-report.xsd" version="3.0" name="es.us.isa.idl.tests.IDLParsingTest" time="1.928" tests="1" errors="0" skipped="0" failures="1">
  <properties>
[...]
</properties>
  <testcase name="loadModel" classname="es.us.isa.idl.tests.IDLParsingTest" time="0.322">
    <failure type="org.opentest4j.AssertionFailedError"><![CDATA[org.opentest4j.AssertionFailedError: Unexpected errors: XtextSyntaxDiagnostic: null:1 no viable alternative at input 'Hello', XtextSyntaxDiagnostic: null:1 no viable alternative at input 'Xtext' ==> expected: <true> but was: <false>
	at es.us.isa.idl.tests.IDLParsingTest.loadModel(IDLParsingTest.java:41)
]]></failure>
  </testcase>
</testsuite>